INFO 2016-02-19 16:25:56,005 [9]  MAFWeb.BAL.Models.Logger - Get Agent: Start2/19/2016 8:00:00 AM  2/19/2016 9:00:00 PM
INFO 2016-02-19 16:25:56,178 [9]  MAFWeb.BAL.Models.Logger - Get Agent: End2/19/2016 8:00:00 AM  2/19/2016 9:00:00 PM
INFO 2016-02-19 19:25:01,011 [8]  MAFWeb.BAL.Models.Logger - Get Agent: Start2/19/2016 8:00:00 AM  2/19/2016 9:00:00 PM
INFO 2016-02-19 19:25:01,204 [8]  MAFWeb.BAL.Models.Logger - Get Agent: End2/19/2016 8:00:00 AM  2/19/2016 9:00:00 PM
INFO 2016-02-19 19:25:17,547 [9]  MAFWeb.BAL.Models.Logger - Post AgentLog: Start 11/15/2015 8:00:00 AM  2/19/2016 9:00:00 PM
INFO 2016-02-19 19:25:17,600 [9]  MAFWeb.BAL.Models.Logger - Post AgentLog: End 11/15/2015 8:00:00 AM  2/19/2016 9:00:00 PM
INFO 2016-02-19 19:28:27,186 [14]  MAFWeb.BAL.Models.Logger - Post Collection: Start 9/25/2015 8:00:00 AM  9/26/2015 9:00:00 PM
INFO 2016-02-19 19:28:27,238 [14]  MAFWeb.BAL.Models.Logger - Post Collection Report: End 9/25/2015 8:00:00 AM  9/26/2015 9:00:00 PM
INFO 2016-02-19 19:32:36,734 [37]  MAFWeb.BAL.Models.Logger - Get Agent: Start2/19/2016 8:00:00 AM  2/19/2016 9:00:00 PM
INFO 2016-02-19 19:32:36,820 [37]  MAFWeb.BAL.Models.Logger - Get Agent: End2/19/2016 8:00:00 AM  2/19/2016 9:00:00 PM
INFO 2016-02-19 19:32:49,862 [36]  MAFWeb.BAL.Models.Logger - Post AgentLog: Start 11/15/2015 8:00:00 AM  2/19/2016 9:00:00 PM
INFO 2016-02-19 19:32:49,862 [36]  MAFWeb.BAL.Models.Logger - Post AgentLog: End 11/15/2015 8:00:00 AM  2/19/2016 9:00:00 PM
INFO 2016-02-26 18:59:52,191 [11]  MAFWeb.BAL.Models.Logger - Get Agent: Start2/26/2016 8:00:00 AM  2/26/2016 9:00:00 PM
INFO 2016-02-26 18:59:52,322 [11]  MAFWeb.BAL.Models.Logger - Get Agent: End2/26/2016 8:00:00 AM  2/26/2016 9:00:00 PM
INFO 2016-03-04 15:19:18,162 [8]  MAFWeb.BAL.Models.Logger - Get Agent: Start3/4/2016 8:00:00 AM  3/4/2016 9:00:00 PM
INFO 2016-03-04 15:19:36,723 [8]  MAFWeb.BAL.Models.Logger - Get Agent: Start3/4/2016 8:00:00 AM  3/4/2016 9:00:00 PM
INFO 2016-03-04 15:19:37,053 [8]  MAFWeb.BAL.Models.Logger - Get Agent: End3/4/2016 8:00:00 AM  3/4/2016 9:00:00 PM
INFO 2016-03-04 15:20:10,645 [8]  MAFWeb.BAL.Models.Logger - Post AgentLog: Start 12/8/2015 8:00:00 AM  12/11/2015 9:00:00 PM
INFO 2016-03-04 15:20:10,734 [8]  MAFWeb.BAL.Models.Logger - Post AgentLog: End 12/8/2015 8:00:00 AM  12/11/2015 9:00:00 PM
INFO 2016-03-04 15:24:45,520 [16]  MAFWeb.BAL.Models.Logger - Get Agent: Start3/4/2016 8:00:00 AM  3/4/2016 9:00:00 PM
INFO 2016-03-04 15:24:55,366 [16]  MAFWeb.BAL.Models.Logger - Get Agent: Start3/4/2016 8:00:00 AM  3/4/2016 9:00:00 PM
INFO 2016-03-04 15:24:55,423 [16]  MAFWeb.BAL.Models.Logger - Get Agent: End3/4/2016 8:00:00 AM  3/4/2016 9:00:00 PM
INFO 2016-03-04 15:25:10,591 [6]  MAFWeb.BAL.Models.Logger - Get Agent: Start3/4/2016 8:00:00 AM  3/4/2016 9:00:00 PM
INFO 2016-03-04 15:25:10,632 [6]  MAFWeb.BAL.Models.Logger - Get Agent: End3/4/2016 8:00:00 AM  3/4/2016 9:00:00 PM
INFO 2016-03-04 15:26:36,504 [13]  MAFWeb.BAL.Models.Logger - Get Agent: Start3/4/2016 8:00:00 AM  3/4/2016 9:00:00 PM
INFO 2016-03-04 15:26:36,545 [13]  MAFWeb.BAL.Models.Logger - Get Agent: End3/4/2016 8:00:00 AM  3/4/2016 9:00:00 PM
INFO 2016-03-04 15:26:56,380 [19]  MAFWeb.BAL.Models.Logger - Get Agent: Start3/4/2016 8:00:00 AM  3/4/2016 9:00:00 PM
INFO 2016-03-04 15:26:56,429 [19]  MAFWeb.BAL.Models.Logger - Get Agent: End3/4/2016 8:00:00 AM  3/4/2016 9:00:00 PM
INFO 2016-03-04 15:27:11,845 [18]  MAFWeb.BAL.Models.Logger - Get Agent: Start3/4/2016 8:00:00 AM  3/4/2016 9:00:00 PM
INFO 2016-03-04 15:27:11,891 [18]  MAFWeb.BAL.Models.Logger - Get Agent: End3/4/2016 8:00:00 AM  3/4/2016 9:00:00 PM
INFO 2016-03-04 15:27:39,987 [5]  MAFWeb.BAL.Models.Logger - Get Agent: Start3/4/2016 8:00:00 AM  3/4/2016 9:00:00 PM
INFO 2016-03-04 15:27:40,034 [5]  MAFWeb.BAL.Models.Logger - Get Agent: End3/4/2016 8:00:00 AM  3/4/2016 9:00:00 PM
INFO 2016-03-04 15:29:09,982 [12]  MAFWeb.BAL.Models.Logger - Get Agent: Start3/4/2016 8:00:00 AM  3/4/2016 9:00:00 PM
INFO 2016-03-04 15:29:10,026 [12]  MAFWeb.BAL.Models.Logger - Get Agent: End3/4/2016 8:00:00 AM  3/4/2016 9:00:00 PM
INFO 2016-03-04 15:29:24,150 [14]  MAFWeb.BAL.Models.Logger - Get Agent: Start3/4/2016 8:00:00 AM  3/4/2016 9:00:00 PM
INFO 2016-03-04 15:29:24,189 [14]  MAFWeb.BAL.Models.Logger - Get Agent: End3/4/2016 8:00:00 AM  3/4/2016 9:00:00 PM
INFO 2016-03-04 15:29:46,592 [19]  MAFWeb.BAL.Models.Logger - Get Agent: Start3/4/2016 8:00:00 AM  3/4/2016 9:00:00 PM
INFO 2016-03-04 15:29:46,627 [19]  MAFWeb.BAL.Models.Logger - Get Agent: End3/4/2016 8:00:00 AM  3/4/2016 9:00:00 PM
INFO 2016-03-04 15:30:07,825 [18]  MAFWeb.BAL.Models.Logger - Get Agent: Start3/4/2016 8:00:00 AM  3/4/2016 9:00:00 PM
INFO 2016-03-04 15:30:07,860 [18]  MAFWeb.BAL.Models.Logger - Get Agent: End3/4/2016 8:00:00 AM  3/4/2016 9:00:00 PM
INFO 2016-03-04 15:30:27,023 [14]  MAFWeb.BAL.Models.Logger - Get Agent: Start3/4/2016 8:00:00 AM  3/4/2016 9:00:00 PM
INFO 2016-03-04 15:30:27,060 [14]  MAFWeb.BAL.Models.Logger - Get Agent: End3/4/2016 8:00:00 AM  3/4/2016 9:00:00 PM
INFO 2016-03-04 15:31:21,602 [19]  MAFWeb.BAL.Models.Logger - Get Agent: Start3/4/2016 8:00:00 AM  3/4/2016 9:00:00 PM
INFO 2016-03-04 15:31:21,637 [19]  MAFWeb.BAL.Models.Logger - Get Agent: End3/4/2016 8:00:00 AM  3/4/2016 9:00:00 PM
INFO 2016-03-04 15:31:45,181 [19]  MAFWeb.BAL.Models.Logger - Get Agent: Start3/4/2016 8:00:00 AM  3/4/2016 9:00:00 PM
INFO 2016-03-04 15:31:45,215 [19]  MAFWeb.BAL.Models.Logger - Get Agent: End3/4/2016 8:00:00 AM  3/4/2016 9:00:00 PM
INFO 2016-03-04 15:31:57,315 [6]  MAFWeb.BAL.Models.Logger - Get Agent: Start3/4/2016 8:00:00 AM  3/4/2016 9:00:00 PM
INFO 2016-03-04 15:31:57,360 [6]  MAFWeb.BAL.Models.Logger - Get Agent: End3/4/2016 8:00:00 AM  3/4/2016 9:00:00 PM
INFO 2016-03-04 15:33:08,803 [16]  MAFWeb.BAL.Models.Logger - Get Agent: Start3/4/2016 8:00:00 AM  3/4/2016 9:00:00 PM
INFO 2016-03-04 15:33:08,844 [16]  MAFWeb.BAL.Models.Logger - Get Agent: End3/4/2016 8:00:00 AM  3/4/2016 9:00:00 PM
INFO 2016-03-04 15:33:23,089 [16]  MAFWeb.BAL.Models.Logger - Get Agent: Start3/4/2016 8:00:00 AM  3/4/2016 9:00:00 PM
INFO 2016-03-04 15:33:23,135 [16]  MAFWeb.BAL.Models.Logger - Get Agent: End3/4/2016 8:00:00 AM  3/4/2016 9:00:00 PM
INFO 2016-03-04 15:33:38,591 [11]  MAFWeb.BAL.Models.Logger - Get Agent: Start3/4/2016 8:00:00 AM  3/4/2016 9:00:00 PM
INFO 2016-03-04 15:33:38,627 [11]  MAFWeb.BAL.Models.Logger - Get Agent: End3/4/2016 8:00:00 AM  3/4/2016 9:00:00 PM
INFO 2016-03-04 15:33:55,542 [11]  MAFWeb.BAL.Models.Logger - Get Agent: Start3/4/2016 8:00:00 AM  3/4/2016 9:00:00 PM
INFO 2016-03-04 15:33:55,575 [11]  MAFWeb.BAL.Models.Logger - Get Agent: End3/4/2016 8:00:00 AM  3/4/2016 9:00:00 PM
INFO 2016-03-04 15:34:03,842 [5]  MAFWeb.BAL.Models.Logger - Get Agent: Start3/4/2016 8:00:00 AM  3/4/2016 9:00:00 PM
INFO 2016-03-04 15:34:03,875 [5]  MAFWeb.BAL.Models.Logger - Get Agent: End3/4/2016 8:00:00 AM  3/4/2016 9:00:00 PM
INFO 2016-03-04 15:35:04,945 [10]  MAFWeb.BAL.Models.Logger - Get Agent: Start3/4/2016 8:00:00 AM  3/4/2016 9:00:00 PM
INFO 2016-03-04 15:35:14,523 [5]  MAFWeb.BAL.Models.Logger - Get Agent: Start3/4/2016 8:00:00 AM  3/4/2016 9:00:00 PM
INFO 2016-03-04 15:35:14,553 [5]  MAFWeb.BAL.Models.Logger - Get Agent: End3/4/2016 8:00:00 AM  3/4/2016 9:00:00 PM
INFO 2016-03-04 16:23:57,121 [81]  MAFWeb.BAL.Models.Logger - Get Agent: Start3/4/2016 8:00:00 AM  3/4/2016 9:00:00 PM
INFO 2016-03-04 16:23:57,180 [81]  MAFWeb.BAL.Models.Logger - Get Agent: End3/4/2016 8:00:00 AM  3/4/2016 9:00:00 PM
INFO 2016-03-04 16:24:12,113 [83]  MAFWeb.BAL.Models.Logger - Post AgentLog: Start 1/4/2016 8:00:00 AM  1/12/2016 9:00:00 PM
INFO 2016-03-04 16:24:12,116 [83]  MAFWeb.BAL.Models.Logger - Post AgentLog: End 1/4/2016 8:00:00 AM  1/12/2016 9:00:00 PM
INFO 2016-03-04 16:26:49,171 [81]  MAFWeb.BAL.Models.Logger - Post AgentLog: Start 12/4/2015 8:00:00 AM  12/11/2015 9:00:00 PM
INFO 2016-03-04 16:26:49,172 [81]  MAFWeb.BAL.Models.Logger - Post AgentLog: End 12/4/2015 8:00:00 AM  12/11/2015 9:00:00 PM
INFO 2016-03-04 16:26:57,656 [81]  MAFWeb.BAL.Models.Logger - Post AgentLog: Start 12/4/2015 8:00:00 AM  12/11/2015 9:00:00 PM
INFO 2016-03-04 16:26:57,656 [81]  MAFWeb.BAL.Models.Logger - Post AgentLog: End 12/4/2015 8:00:00 AM  12/11/2015 9:00:00 PM
INFO 2016-03-04 16:27:09,743 [72]  MAFWeb.BAL.Models.Logger - Post AgentLog: Start 12/4/2015 8:00:00 AM  12/11/2015 9:00:00 PM
INFO 2016-03-04 16:27:09,743 [72]  MAFWeb.BAL.Models.Logger - Post AgentLog: End 12/4/2015 8:00:00 AM  12/11/2015 9:00:00 PM
INFO 2016-03-04 16:27:17,856 [81]  MAFWeb.BAL.Models.Logger - Post AgentLog: Start 11/4/2015 8:00:00 AM  12/11/2015 9:00:00 PM
INFO 2016-03-04 16:27:17,856 [81]  MAFWeb.BAL.Models.Logger - Post AgentLog: End 11/4/2015 8:00:00 AM  12/11/2015 9:00:00 PM
INFO 2016-03-04 16:27:32,164 [81]  MAFWeb.BAL.Models.Logger - Post AgentLog: Start 11/4/2015 8:00:00 AM  12/11/2015 9:00:00 PM
INFO 2016-03-04 16:27:32,164 [81]  MAFWeb.BAL.Models.Logger - Post AgentLog: End 11/4/2015 8:00:00 AM  12/11/2015 9:00:00 PM
INFO 2016-03-04 16:27:59,127 [81]  MAFWeb.BAL.Models.Logger - Post AgentLog: Start 11/4/2015 8:00:00 AM  1/11/2016 9:00:00 PM
INFO 2016-03-04 16:27:59,127 [81]  MAFWeb.BAL.Models.Logger - Post AgentLog: End 11/4/2015 8:00:00 AM  1/11/2016 9:00:00 PM
INFO 2016-03-04 16:28:18,434 [83]  MAFWeb.BAL.Models.Logger - Post AgentLog: Start 11/2/2015 8:00:00 AM  1/11/2016 9:00:00 PM
INFO 2016-03-04 16:28:18,434 [83]  MAFWeb.BAL.Models.Logger - Post AgentLog: End 11/2/2015 8:00:00 AM  1/11/2016 9:00:00 PM
INFO 2016-03-04 16:29:24,567 [83]  MAFWeb.BAL.Models.Logger - Post AgentLog: Start 11/2/2015 8:00:00 AM  1/11/2016 9:00:00 PM
INFO 2016-03-04 16:29:24,567 [83]  MAFWeb.BAL.Models.Logger - Post AgentLog: End 11/2/2015 8:00:00 AM  1/11/2016 9:00:00 PM
INFO 2016-03-04 16:29:33,730 [81]  MAFWeb.BAL.Models.Logger - Get Agent: Start3/4/2016 8:00:00 AM  3/4/2016 9:00:00 PM
INFO 2016-03-04 16:29:33,745 [81]  MAFWeb.BAL.Models.Logger - Get Agent: End3/4/2016 8:00:00 AM  3/4/2016 9:00:00 PM
INFO 2016-03-04 18:27:10,950 [47]  MAFWeb.BAL.Models.Logger - Post AgentLog: Start 2/25/2016 8:00:00 AM  3/4/2016 9:00:00 PM
INFO 2016-03-04 18:27:10,977 [47]  MAFWeb.BAL.Models.Logger - Post AgentLog: End 2/25/2016 8:00:00 AM  3/4/2016 9:00:00 PM
INFO 2016-03-04 18:36:31,859 [61]  MAFWeb.BAL.Models.Logger - Get Agent: Start3/4/2016 8:00:00 AM  3/4/2016 9:00:00 PM
INFO 2016-03-04 18:36:31,910 [61]  MAFWeb.BAL.Models.Logger - Get Agent: End3/4/2016 8:00:00 AM  3/4/2016 9:00:00 PM
INFO 2016-03-04 18:36:51,466 [62]  MAFWeb.BAL.Models.Logger - Get Agent: Start3/4/2016 8:00:00 AM  3/4/2016 9:00:00 PM
INFO 2016-03-04 18:36:51,508 [62]  MAFWeb.BAL.Models.Logger - Get Agent: End3/4/2016 8:00:00 AM  3/4/2016 9:00:00 PM
INFO 2016-03-04 18:37:06,318 [61]  MAFWeb.BAL.Models.Logger - Get Agent: Start3/4/2016 8:00:00 AM  3/4/2016 9:00:00 PM
INFO 2016-03-04 18:37:06,349 [61]  MAFWeb.BAL.Models.Logger - Get Agent: End3/4/2016 8:00:00 AM  3/4/2016 9:00:00 PM
INFO 2016-03-04 18:37:16,503 [61]  MAFWeb.BAL.Models.Logger - Get Agent: Start3/4/2016 8:00:00 AM  3/4/2016 9:00:00 PM
INFO 2016-03-04 18:37:16,526 [61]  MAFWeb.BAL.Models.Logger - Get Agent: End3/4/2016 8:00:00 AM  3/4/2016 9:00:00 PM
INFO 2016-03-07 16:16:43,023 [9]  MAFWeb.BAL.Models.Logger - Get Agent: Start3/7/2016 8:00:00 AM  3/7/2016 9:00:00 PM
INFO 2016-03-07 16:17:12,953 [9]  MAFWeb.BAL.Models.Logger - Get Agent: Start3/7/2016 8:00:00 AM  3/7/2016 9:00:00 PM
INFO 2016-03-07 16:17:13,706 [9]  MAFWeb.BAL.Models.Logger - Get Agent: End3/7/2016 8:00:00 AM  3/7/2016 9:00:00 PM
INFO 2016-03-07 16:19:18,243 [11]  MAFWeb.BAL.Models.Logger - Post AgentLog: Start 2/8/2016 8:00:00 AM  3/7/2016 9:00:00 PM
INFO 2016-03-07 16:19:18,378 [11]  MAFWeb.BAL.Models.Logger - Post AgentLog: End 2/8/2016 8:00:00 AM  3/7/2016 9:00:00 PM
INFO 2016-03-07 16:25:24,847 [16]  MAFWeb.BAL.Models.Logger - Post AgentLog: Start 2/8/2016 8:00:00 AM  3/7/2016 9:00:00 PM
INFO 2016-03-07 16:25:24,847 [16]  MAFWeb.BAL.Models.Logger - Post AgentLog: End 2/8/2016 8:00:00 AM  3/7/2016 9:00:00 PM
INFO 2016-03-07 16:25:25,159 [13]  MAFWeb.BAL.Models.Logger - Post AgentLog: Start 2/8/2016 8:00:00 AM  3/7/2016 9:00:00 PM
INFO 2016-03-07 16:25:25,159 [13]  MAFWeb.BAL.Models.Logger - Post AgentLog: End 2/8/2016 8:00:00 AM  3/7/2016 9:00:00 PM
INFO 2016-03-07 16:25:25,657 [13]  MAFWeb.BAL.Models.Logger - Post AgentLog: Start 2/8/2016 8:00:00 AM  3/7/2016 9:00:00 PM
INFO 2016-03-07 16:25:25,657 [13]  MAFWeb.BAL.Models.Logger - Post AgentLog: End 2/8/2016 8:00:00 AM  3/7/2016 9:00:00 PM
INFO 2016-03-07 16:27:35,032 [19]  MAFWeb.BAL.Models.Logger - Get Agent: Start3/7/2016 8:00:00 AM  3/7/2016 9:00:00 PM
INFO 2016-03-07 16:27:35,063 [19]  MAFWeb.BAL.Models.Logger - Get Agent: End3/7/2016 8:00:00 AM  3/7/2016 9:00:00 PM
INFO 2016-03-07 16:32:01,421 [8]  MAFWeb.BAL.Models.Logger - Get Agent: Start3/7/2016 8:00:00 AM  3/7/2016 9:00:00 PM
INFO 2016-03-07 16:32:37,068 [9]  MAFWeb.BAL.Models.Logger - Get Agent: Start3/7/2016 8:00:00 AM  3/7/2016 9:00:00 PM
INFO 2016-03-07 16:32:37,320 [9]  MAFWeb.BAL.Models.Logger - Get Agent: End3/7/2016 8:00:00 AM  3/7/2016 9:00:00 PM
INFO 2016-03-07 16:32:45,894 [8]  MAFWeb.BAL.Models.Logger - Post AgentLog: Start 2/7/2016 8:00:00 AM  3/7/2016 9:00:00 PM
INFO 2016-03-07 16:32:45,949 [8]  MAFWeb.BAL.Models.Logger - Post AgentLog: End 2/7/2016 8:00:00 AM  3/7/2016 9:00:00 PM
INFO 2016-03-07 16:36:25,941 [12]  MAFWeb.BAL.Models.Logger - Post AgentLog: Start 2/7/2016 8:00:00 AM  3/7/2016 9:00:00 PM
INFO 2016-03-07 16:36:25,941 [12]  MAFWeb.BAL.Models.Logger - Post AgentLog: End 2/7/2016 8:00:00 AM  3/7/2016 9:00:00 PM
INFO 2016-03-08 23:13:42,581 [5]  MAFWeb.BAL.Models.Logger - Get Agent: Start3/8/2016 8:00:00 AM  3/8/2016 9:00:00 PM
INFO 2016-03-10 19:44:07,402 [5]  MAFWeb.BAL.Models.Logger - Get Agent: Start3/10/2016 8:00:00 AM  3/10/2016 9:00:00 PM
INFO 2016-03-10 19:44:07,513 [5]  MAFWeb.BAL.Models.Logger - Get Agent: End3/10/2016 8:00:00 AM  3/10/2016 9:00:00 PM
INFO 2016-03-11 18:16:08,535 [23]  MAFWeb.BAL.Models.Logger - Get Agent: Start3/11/2016 8:00:00 AM  3/11/2016 9:00:00 PM
INFO 2016-03-11 18:16:08,599 [23]  MAFWeb.BAL.Models.Logger - Get Agent: End3/11/2016 8:00:00 AM  3/11/2016 9:00:00 PM
INFO 2016-03-11 18:16:21,171 [26]  MAFWeb.BAL.Models.Logger - Post AgentLog: Start 2/11/2016 8:00:00 AM  2/12/2016 9:00:00 PM
INFO 2016-03-11 18:16:21,217 [26]  MAFWeb.BAL.Models.Logger - Post AgentLog: End 2/11/2016 8:00:00 AM  2/12/2016 9:00:00 PM
INFO 2016-03-11 18:18:29,939 [24]  MAFWeb.BAL.Models.Logger - Post ScoreCard: Start 2/11/2016 12:00:00 AM
INFO 2016-03-11 18:18:29,943 [24]  MAFWeb.BAL.Models.Logger - Post ScoreCard Report: End 2/11/2016 12:00:00 AM
INFO 2016-03-11 18:18:31,572 [28]  MAFWeb.BAL.Models.Logger - Post ChatLog: Start 2/11/2016 8:00:00 AM
INFO 2016-03-11 18:18:31,573 [28]  MAFWeb.BAL.Models.Logger - Post ChatLog Report: End 2/11/2016 8:00:00 AM
INFO 2016-03-11 18:19:07,501 [24]  MAFWeb.BAL.Models.Logger - Post PowerZone: Start 2/16/2016 12:00:00 AM
INFO 2016-03-11 18:19:07,504 [24]  MAFWeb.BAL.Models.Logger - Post PowerZone Report: End 2/16/2016 12:00:00 AM
INFO 2016-03-11 18:19:21,440 [27]  MAFWeb.BAL.Models.Logger - Post ChatLog: Start 2/11/2016 8:00:00 AM
INFO 2016-03-11 18:19:21,440 [27]  MAFWeb.BAL.Models.Logger - Post ChatLog Report: End 2/11/2016 8:00:00 AM
INFO 2016-03-11 18:19:46,533 [27]  MAFWeb.BAL.Models.Logger - Post ChatLog: Start 2/1/2016 8:00:00 AM
INFO 2016-03-11 18:19:46,533 [27]  MAFWeb.BAL.Models.Logger - Post ChatLog Report: End 2/1/2016 8:00:00 AM
INFO 2016-03-17 16:57:00,081 [8]  MAFWeb.BAL.Models.Logger - Get Agent: Start3/17/2016 8:00:00 AM  3/17/2016 9:00:00 PM
INFO 2016-03-29 19:10:54,641 [8]  MAFWeb.BAL.Models.Logger - Get Agent: Start3/29/2016 8:00:00 AM  3/29/2016 9:00:00 PM
INFO 2016-03-29 19:10:54,745 [8]  MAFWeb.BAL.Models.Logger - Get Agent: End3/29/2016 8:00:00 AM  3/29/2016 9:00:00 PM
INFO 2016-03-29 19:11:28,341 [8]  MAFWeb.BAL.Models.Logger - Get Agent: Start3/29/2016 8:00:00 AM  3/29/2016 9:00:00 PM
INFO 2016-03-29 19:12:12,255 [8]  MAFWeb.BAL.Models.Logger - Get Agent: Start3/29/2016 8:00:00 AM  3/29/2016 9:00:00 PM
INFO 2016-03-29 19:12:12,353 [8]  MAFWeb.BAL.Models.Logger - Get Agent: End3/29/2016 8:00:00 AM  3/29/2016 9:00:00 PM
INFO 2016-03-29 19:18:06,007 [11]  MAFWeb.BAL.Models.Logger - Get Agent: Start3/29/2016 8:00:00 AM  3/29/2016 9:00:00 PM
INFO 2016-03-29 19:18:06,101 [11]  MAFWeb.BAL.Models.Logger - Get Agent: End3/29/2016 8:00:00 AM  3/29/2016 9:00:00 PM
INFO 2016-03-29 19:18:16,277 [16]  MAFWeb.BAL.Models.Logger - Get Agent: Start3/29/2016 8:00:00 AM  3/29/2016 9:00:00 PM
INFO 2016-03-29 19:18:16,409 [16]  MAFWeb.BAL.Models.Logger - Get Agent: End3/29/2016 8:00:00 AM  3/29/2016 9:00:00 PM
INFO 2016-03-29 19:18:38,919 [11]  MAFWeb.BAL.Models.Logger - Get Agent: Start3/29/2016 8:00:00 AM  3/29/2016 9:00:00 PM
INFO 2016-03-29 19:18:38,979 [11]  MAFWeb.BAL.Models.Logger - Get Agent: End3/29/2016 8:00:00 AM  3/29/2016 9:00:00 PM
INFO 2016-03-29 19:20:51,435 [14]  MAFWeb.BAL.Models.Logger - Get Agent: Start3/29/2016 8:00:00 AM  3/29/2016 9:00:00 PM
INFO 2016-03-29 19:20:51,504 [14]  MAFWeb.BAL.Models.Logger - Get Agent: End3/29/2016 8:00:00 AM  3/29/2016 9:00:00 PM
INFO 2016-03-29 20:12:28,052 [9]  MAFWeb.BAL.Models.Logger - Get Agent: Start3/29/2016 8:00:00 AM  3/29/2016 9:00:00 PM
INFO 2016-03-29 20:12:38,866 [16]  MAFWeb.BAL.Models.Logger - Get Agent: Start3/29/2016 8:00:00 AM  3/29/2016 9:00:00 PM
INFO 2016-03-29 20:12:38,957 [16]  MAFWeb.BAL.Models.Logger - Get Agent: End3/29/2016 8:00:00 AM  3/29/2016 9:00:00 PM
INFO 2016-03-29 22:07:45,836 [52]  MAFWeb.BAL.Models.Logger - Get Agent: Start3/29/2016 8:00:00 AM  3/29/2016 9:00:00 PM
INFO 2016-03-29 22:07:45,924 [52]  MAFWeb.BAL.Models.Logger - Get Agent: End3/29/2016 8:00:00 AM  3/29/2016 9:00:00 PM
INFO 2016-04-11 15:59:14,511 [18]  MAFWeb.BAL.Models.Logger - Get Agent: Start4/11/2016 8:00:00 AM  4/11/2016 9:00:00 PM
INFO 2016-04-11 15:59:14,617 [18]  MAFWeb.BAL.Models.Logger - Get Agent: End4/11/2016 8:00:00 AM  4/11/2016 9:00:00 PM
INFO 2016-04-11 15:59:43,388 [10]  MAFWeb.BAL.Models.Logger - Get Agent: Start4/11/2016 8:00:00 AM  4/11/2016 9:00:00 PM
INFO 2016-04-11 15:59:43,464 [10]  MAFWeb.BAL.Models.Logger - Get Agent: End4/11/2016 8:00:00 AM  4/11/2016 9:00:00 PM
INFO 2016-04-11 16:02:43,098 [17]  MAFWeb.BAL.Models.Logger - Get Agent: Start4/11/2016 8:00:00 AM  4/11/2016 9:00:00 PM
INFO 2016-04-11 16:02:43,172 [17]  MAFWeb.BAL.Models.Logger - Get Agent: End4/11/2016 8:00:00 AM  4/11/2016 9:00:00 PM
INFO 2016-04-13 15:48:57,894 [7]  MAFWeb.BAL.Models.Logger - Get Agent: Start4/13/2016 8:00:00 AM  4/13/2016 9:00:00 PM
